2021-12-07 17:04:01,709 INFO org.hibernate.annotations.common.reflection.java.JavaReflectionManager [restartedMain] HCANN000001: Hibernate Commons Annotations {5.1.2.Final}
2021-12-07 17:04:02,145 INFO com.zaxxer.hikari.HikariDataSource [restartedMain] HikariPool-1 - Starting...
2021-12-07 17:04:02,812 INFO com.zaxxer.hikari.HikariDataSource [restartedMain] HikariPool-1 - Start completed.
2021-12-07 17:04:02,971 INFO org.hibernate.dialect.Dialect [restartedMain] HHH000400: Using dialect: org.hibernate.dialect.PostgreSQL10Dialect
2021-12-07 17:04:06,996 INFO org.hibernate.engine.transaction.jta.platform.internal.JtaPlatformInitiator [restartedMain] HHH000490: Using JtaPlatform implementation: [org.hibernate.engine.transaction.jta.platform.internal.NoJtaPlatform]
2021-12-07 17:04:07,047 INFO org.springframework.orm.jpa.AbstractEntityManagerFactoryBean [restartedMain] Initialized JPA EntityManagerFactory for persistence unit 'default'
2021-12-07 17:04:09,372 WARN org.springframework.boot.autoconfigure.orm.jpa.JpaBaseConfiguration$JpaWebConfiguration [restartedMain] spring.jpa.open-in-view is enabled by default. Therefore, database queries may be performed during view rendering. Explicitly configure spring.jpa.open-in-view to disable this warning
2021-12-07 17:04:10,749 INFO org.springframework.boot.devtools.autoconfigure.OptionalLiveReloadServer [restartedMain] LiveReload server is running on port 35729
2021-12-07 17:04:10,815 INFO org.apache.juli.logging.DirectJDKLog [restartedMain] Starting ProtocolHandler ["http-nio-9081"]
2021-12-07 17:04:10,882 INFO org.springframework.boot.web.embedded.tomcat.TomcatWebServer [restartedMain] Tomcat started on port(s): 9081 (http) with context path ''
2021-12-07 17:04:10,917 INFO org.springframework.boot.StartupInfoLogger [restartedMain] Started UniversidadesRestApplication in 17.322 seconds (JVM running for 19.492)
2021-12-07 17:04:17,408 INFO org.apache.juli.logging.DirectJDKLog [http-nio-9081-exec-1] Initializing Spring DispatcherServlet 'dispatcherServlet'
2021-12-07 17:04:17,410 INFO org.springframework.web.servlet.FrameworkServlet [http-nio-9081-exec-1] Initializing Servlet 'dispatcherServlet'
2021-12-07 17:04:17,412 INFO org.springframework.web.servlet.FrameworkServlet [http-nio-9081-exec-1] Completed initialization in 1 ms
2021-12-07 17:04:17,514 INFO com.ibm.academia.apirest.controllers.PrimerRestController [http-nio-9081-exec-1] info log
2021-12-07 17:04:17,518 WARN com.ibm.academia.apirest.controllers.PrimerRestController [http-nio-9081-exec-1] warning log
2021-12-07 17:04:17,518 ERROR com.ibm.academia.apirest.controllers.PrimerRestController [http-nio-9081-exec-1] error log
2021-12-07 17:04:18,349 INFO com.ibm.academia.apirest.controllers.PrimerRestController [http-nio-9081-exec-3] info log
2021-12-07 17:04:18,350 WARN com.ibm.academia.apirest.controllers.PrimerRestController [http-nio-9081-exec-3] warning log
2021-12-07 17:04:18,351 ERROR com.ibm.academia.apirest.controllers.PrimerRestController [http-nio-9081-exec-3] error log
2021-12-07 17:04:19,169 INFO com.ibm.academia.apirest.controllers.PrimerRestController [http-nio-9081-exec-4] info log
2021-12-07 17:04:19,172 WARN com.ibm.academia.apirest.controllers.PrimerRestController [http-nio-9081-exec-4] warning log
2021-12-07 17:04:19,172 ERROR com.ibm.academia.apirest.controllers.PrimerRestController [http-nio-9081-exec-4] error log
2021-12-07 17:04:19,944 INFO com.ibm.academia.apirest.controllers.PrimerRestController [http-nio-9081-exec-5] info log
2021-12-07 17:04:19,945 WARN com.ibm.academia.apirest.controllers.PrimerRestController [http-nio-9081-exec-5] warning log
2021-12-07 17:04:19,947 ERROR com.ibm.academia.apirest.controllers.PrimerRestController [http-nio-9081-exec-5] error log
2021-12-07 17:04:20,797 INFO com.ibm.academia.apirest.controllers.PrimerRestController [http-nio-9081-exec-6] info log
2021-12-07 17:04:20,802 WARN com.ibm.academia.apirest.controllers.PrimerRestController [http-nio-9081-exec-6] warning log
2021-12-07 17:04:20,807 ERROR com.ibm.academia.apirest.controllers.PrimerRestController [http-nio-9081-exec-6] error log
2021-12-07 17:04:21,764 INFO com.ibm.academia.apirest.controllers.PrimerRestController [http-nio-9081-exec-7] info log
2021-12-07 17:04:21,765 WARN com.ibm.academia.apirest.controllers.PrimerRestController [http-nio-9081-exec-7] warning log
2021-12-07 17:04:21,766 ERROR com.ibm.academia.apirest.controllers.PrimerRestController [http-nio-9081-exec-7] error log
2021-12-07 17:04:22,468 INFO com.ibm.academia.apirest.controllers.PrimerRestController [http-nio-9081-exec-8] info log
2021-12-07 17:04:22,470 WARN com.ibm.academia.apirest.controllers.PrimerRestController [http-nio-9081-exec-8] warning log
2021-12-07 17:04:22,471 ERROR com.ibm.academia.apirest.controllers.PrimerRestController [http-nio-9081-exec-8] error log
2021-12-07 17:04:23,339 INFO com.ibm.academia.apirest.controllers.PrimerRestController [http-nio-9081-exec-9] info log
2021-12-07 17:04:23,341 WARN com.ibm.academia.apirest.controllers.PrimerRestController [http-nio-9081-exec-9] warning log
2021-12-07 17:04:23,342 ERROR com.ibm.academia.apirest.controllers.PrimerRestController [http-nio-9081-exec-9] error log
2021-12-07 17:05:09,359 INFO org.springframework.boot.admin.SpringApplicationAdminMXBeanRegistrar$SpringApplicationAdmin [RMI TCP Connection(11)-127.0.0.1] Application shutdown requested.
2021-12-07 17:05:09,679 INFO org.springframework.orm.jpa.AbstractEntityManagerFactoryBean [RMI TCP Connection(11)-127.0.0.1] Closing JPA EntityManagerFactory for persistence unit 'default'
2021-12-07 17:05:09,689 INFO com.zaxxer.hikari.HikariDataSource [RMI TCP Connection(11)-127.0.0.1] HikariPool-1 - Shutdown initiated...
2021-12-07 17:05:09,700 INFO com.zaxxer.hikari.HikariDataSource [RMI TCP Connection(11)-127.0.0.1] HikariPool-1 - Shutdown completed.
2021-12-07 17:10:22,517 INFO org.hibernate.validator.internal.util.Version [background-preinit] HV000001: Hibernate Validator 6.2.0.Final
2021-12-07 17:10:22,519 INFO org.springframework.boot.StartupInfoLogger [restartedMain] Starting UniversidadesRestApplication using Java 11.0.12 on LAPTOP-ENK3FB65 with PID 240 (C:\Users\002292661\Documents\SpringToolSuite4.12\UniversidadesREST\target\classes started by 002292661 in C:\Users\002292661\Documents\SpringToolSuite4.12\UniversidadesREST)
2021-12-07 17:10:22,525 INFO org.springframework.boot.SpringApplication [restartedMain] No active profile set, falling back to default profiles: default
2021-12-07 17:10:22,580 INFO org.springframework.boot.logging.DeferredLog [restartedMain] Devtools property defaults active! Set 'spring.devtools.add-properties' to 'false' to disable
2021-12-07 17:10:22,580 INFO org.springframework.boot.logging.DeferredLog [restartedMain] For additional web related logging consider setting the 'logging.level.web' property to 'DEBUG'
