2021-12-07 16:58:53,172 INFO org.springframework.boot.StartupInfoLogger [restartedMain] Starting UniversidadesRestApplication using Java 11.0.12 on LAPTOP-ENK3FB65 with PID 27036 (C:\Users\002292661\Documents\SpringToolSuite4.12\UniversidadesREST\target\classes started by 002292661 in C:\Users\002292661\Documents\SpringToolSuite4.12\UniversidadesREST)
2021-12-07 16:58:53,165 INFO org.hibernate.validator.internal.util.Version [background-preinit] HV000001: Hibernate Validator 6.2.0.Final
2021-12-07 16:58:53,175 INFO org.springframework.boot.SpringApplication [restartedMain] No active profile set, falling back to default profiles: default
2021-12-07 16:58:53,303 INFO org.springframework.boot.logging.DeferredLog [restartedMain] Devtools property defaults active! Set 'spring.devtools.add-properties' to 'false' to disable
2021-12-07 16:58:53,303 INFO org.springframework.boot.logging.DeferredLog [restartedMain] For additional web related logging consider setting the 'logging.level.web' property to 'DEBUG'
2021-12-07 16:58:54,592 INFO org.springframework.data.repository.config.RepositoryConfigurationDelegate [restartedMain] Bootstrapping Spring Data JPA repositories in DEFAULT mode.
2021-12-07 16:58:54,696 INFO org.springframework.data.repository.config.RepositoryConfigurationDelegate [restartedMain] Finished Spring Data repository scanning in 91 ms. Found 4 JPA repository interfaces.
2021-12-07 16:58:55,593 INFO org.springframework.boot.web.embedded.tomcat.TomcatWebServer [restartedMain] Tomcat initialized with port(s): 9081 (http)
2021-12-07 16:58:55,622 INFO org.apache.juli.logging.DirectJDKLog [restartedMain] Initializing ProtocolHandler ["http-nio-9081"]
2021-12-07 16:58:55,623 INFO org.apache.juli.logging.DirectJDKLog [restartedMain] Starting service [Tomcat]
2021-12-07 16:58:55,623 INFO org.apache.juli.logging.DirectJDKLog [restartedMain] Starting Servlet engine: [Apache Tomcat/9.0.55]
2021-12-07 16:58:55,778 INFO org.apache.juli.logging.DirectJDKLog [restartedMain] Initializing Spring embedded WebApplicationContext
2021-12-07 16:58:55,779 INFO org.springframework.boot.web.servlet.context.ServletWebServerApplicationContext [restartedMain] Root WebApplicationContext: initialization completed in 2475 ms
2021-12-07 16:58:56,115 INFO org.hibernate.jpa.internal.util.LogHelper [restartedMain] HHH000204: Processing PersistenceUnitInfo [name: default]
2021-12-07 16:58:56,232 INFO org.hibernate.Version [restartedMain] HHH000412: Hibernate ORM core version 5.4.32.Final
2021-12-07 16:58:56,507 INFO org.hibernate.annotations.common.reflection.java.JavaReflectionManager [restartedMain] HCANN000001: Hibernate Commons Annotations {5.1.2.Final}
2021-12-07 16:58:56,663 INFO com.zaxxer.hikari.HikariDataSource [restartedMain] HikariPool-1 - Starting...
2021-12-07 16:58:57,022 INFO com.zaxxer.hikari.HikariDataSource [restartedMain] HikariPool-1 - Start completed.
2021-12-07 16:58:57,100 INFO org.hibernate.dialect.Dialect [restartedMain] HHH000400: Using dialect: org.hibernate.dialect.PostgreSQL10Dialect
2021-12-07 16:58:59,127 INFO org.hibernate.engine.transaction.jta.platform.internal.JtaPlatformInitiator [restartedMain] HHH000490: Using JtaPlatform implementation: [org.hibernate.engine.transaction.jta.platform.internal.NoJtaPlatform]
2021-12-07 16:58:59,146 INFO org.springframework.orm.jpa.AbstractEntityManagerFactoryBean [restartedMain] Initialized JPA EntityManagerFactory for persistence unit 'default'
2021-12-07 16:59:00,230 WARN org.springframework.boot.autoconfigure.orm.jpa.JpaBaseConfiguration$JpaWebConfiguration [restartedMain] spring.jpa.open-in-view is enabled by default. Therefore, database queries may be performed during view rendering. Explicitly configure spring.jpa.open-in-view to disable this warning
2021-12-07 16:59:01,001 INFO org.springframework.boot.devtools.autoconfigure.OptionalLiveReloadServer [restartedMain] LiveReload server is running on port 35729
2021-12-07 16:59:01,037 INFO org.apache.juli.logging.DirectJDKLog [restartedMain] Starting ProtocolHandler ["http-nio-9081"]
2021-12-07 16:59:01,084 INFO org.springframework.boot.web.embedded.tomcat.TomcatWebServer [restartedMain] Tomcat started on port(s): 9081 (http) with context path ''
2021-12-07 16:59:01,106 INFO org.springframework.boot.StartupInfoLogger [restartedMain] Started UniversidadesRestApplication in 8.601 seconds (JVM running for 10.772)
2021-12-07 17:00:12,181 INFO org.apache.juli.logging.DirectJDKLog [http-nio-9081-exec-2] Initializing Spring DispatcherServlet 'dispatcherServlet'
2021-12-07 17:00:12,183 INFO org.springframework.web.servlet.FrameworkServlet [http-nio-9081-exec-2] Initializing Servlet 'dispatcherServlet'
2021-12-07 17:00:12,186 INFO org.springframework.web.servlet.FrameworkServlet [http-nio-9081-exec-2] Completed initialization in 2 ms
2021-12-07 17:00:12,280 INFO com.ibm.academia.apirest.controllers.PrimerRestController [http-nio-9081-exec-2] info log
2021-12-07 17:00:12,282 WARN com.ibm.academia.apirest.controllers.PrimerRestController [http-nio-9081-exec-2] warning log
2021-12-07 17:00:12,282 ERROR com.ibm.academia.apirest.controllers.PrimerRestController [http-nio-9081-exec-2] error log
2021-12-07 17:00:13,550 INFO com.ibm.academia.apirest.controllers.PrimerRestController [http-nio-9081-exec-3] info log
2021-12-07 17:00:13,550 WARN com.ibm.academia.apirest.controllers.PrimerRestController [http-nio-9081-exec-3] warning log
2021-12-07 17:00:13,552 ERROR com.ibm.academia.apirest.controllers.PrimerRestController [http-nio-9081-exec-3] error log
2021-12-07 17:00:14,569 INFO com.ibm.academia.apirest.controllers.PrimerRestController [http-nio-9081-exec-4] info log
2021-12-07 17:00:14,571 WARN com.ibm.academia.apirest.controllers.PrimerRestController [http-nio-9081-exec-4] warning log
2021-12-07 17:00:14,571 ERROR com.ibm.academia.apirest.controllers.PrimerRestController [http-nio-9081-exec-4] error log
2021-12-07 17:00:15,797 INFO com.ibm.academia.apirest.controllers.PrimerRestController [http-nio-9081-exec-5] info log
2021-12-07 17:00:15,799 WARN com.ibm.academia.apirest.controllers.PrimerRestController [http-nio-9081-exec-5] warning log
2021-12-07 17:00:15,801 ERROR com.ibm.academia.apirest.controllers.PrimerRestController [http-nio-9081-exec-5] error log
